<?xml version="1.0" encoding="UTF-8"?>
<!-- Generated by org.testng.reporters.JUnitXMLReporter -->
<testsuite hostname="DESKTOP-DOM78LG" ignored="6" name="Command line test" tests="1" failures="0" timestamp="02 Mar 2020 17:44:13 GMT" time="20.869" errors="0">
  <testcase name="loginSuccessTest" time="14.145" classname="com.java.test.LoginTest"/>
  <testcase name="explicitWaitTest" time="0.0" classname="com.java.test.LoginTest">
    <ignored/>
  </testcase> <!-- explicitWaitTest -->
  <testcase name="loginFailureTest" time="0.0" classname="com.java.test.LoginTest">
    <ignored/>
  </testcase> <!-- loginFailureTest -->
  <testcase name="explicitWaitAlertTest" time="0.0" classname="com.java.test.LoginTest">
    <ignored/>
  </testcase> <!-- explicitWaitAlertTest -->
  <testcase name="infiniteScrollTest" time="0.0" classname="com.java.test.LoginTest">
    <ignored/>
  </testcase> <!-- infiniteScrollTest -->
  <testcase name="iframeTest" time="0.0" classname="com.java.test.LoginTest">
    <ignored/>
  </testcase> <!-- iframeTest -->
  <testcase name="newWindowTest" time="0.0" classname="com.java.test.LoginTest">
    <ignored/>
  </testcase> <!-- newWindowTest -->
</testsuite> <!-- Command line test -->
